2019-06-24 12:25:46,517 pyclaw.controller INFO CLAW: 419 - Solution 0 computed for time t=0.000000
2019-06-24 12:25:46,529 pyclaw.controller INFO CLAW: 419 - Solution 1 computed for time t=1.000000
2019-06-24 12:25:46,539 pyclaw.controller INFO CLAW: 419 - Solution 2 computed for time t=2.000000
2019-06-24 12:25:46,549 pyclaw.controller INFO CLAW: 419 - Solution 3 computed for time t=3.000000
2019-06-24 12:25:46,559 pyclaw.controller INFO CLAW: 419 - Solution 4 computed for time t=4.000000
2019-06-24 12:25:46,568 pyclaw.controller INFO CLAW: 419 - Solution 5 computed for time t=5.000000
2019-06-24 12:25:46,578 pyclaw.controller INFO CLAW: 419 - Solution 6 computed for time t=6.000000
2019-06-24 12:25:46,588 pyclaw.controller INFO CLAW: 419 - Solution 7 computed for time t=7.000000
2019-06-24 12:25:46,597 pyclaw.controller INFO CLAW: 419 - Solution 8 computed for time t=8.000000
2019-06-24 12:25:46,608 pyclaw.controller INFO CLAW: 419 - Solution 9 computed for time t=9.000000
2019-06-24 12:25:46,617 pyclaw.controller INFO CLAW: 419 - Solution 10 computed for time t=10.000000
2019-06-24 12:25:46,619 pyclaw.controller INFO CLAW: 419 - Solution 0 computed for time t=0.000000
2019-06-24 12:25:46,630 pyclaw.controller INFO CLAW: 419 - Solution 1 computed for time t=1.000000
2019-06-24 12:25:46,643 pyclaw.controller INFO CLAW: 419 - Solution 2 computed for time t=2.000000
2019-06-24 12:25:46,654 pyclaw.controller INFO CLAW: 419 - Solution 3 computed for time t=3.000000
2019-06-24 12:25:46,666 pyclaw.controller INFO CLAW: 419 - Solution 4 computed for time t=4.000000
2019-06-24 12:25:46,677 pyclaw.controller INFO CLAW: 419 - Solution 5 computed for time t=5.000000
2019-06-24 12:25:46,691 pyclaw.controller INFO CLAW: 419 - Solution 6 computed for time t=6.000000
2019-06-24 12:25:46,703 pyclaw.controller INFO CLAW: 419 - Solution 7 computed for time t=7.000000
2019-06-24 12:25:46,733 pyclaw.controller INFO CLAW: 419 - Solution 8 computed for time t=8.000000
2019-06-24 12:25:46,773 pyclaw.controller INFO CLAW: 419 - Solution 9 computed for time t=9.000000
2019-06-24 12:25:46,794 pyclaw.controller INFO CLAW: 419 - Solution 10 computed for time t=10.000000
2019-06-24 12:25:46,798 pyclaw.controller INFO CLAW: 419 - Solution 0 computed for time t=0.000000
2019-06-24 12:25:46,816 pyclaw.controller INFO CLAW: 419 - Solution 1 computed for time t=1.000000
2019-06-24 12:25:46,834 pyclaw.controller INFO CLAW: 419 - Solution 2 computed for time t=2.000000
2019-06-24 12:25:46,851 pyclaw.controller INFO CLAW: 419 - Solution 3 computed for time t=3.000000
2019-06-24 12:25:46,866 pyclaw.controller INFO CLAW: 419 - Solution 4 computed for time t=4.000000
2019-06-24 12:25:46,882 pyclaw.controller INFO CLAW: 419 - Solution 5 computed for time t=5.000000
2019-06-24 12:25:46,895 pyclaw.controller INFO CLAW: 419 - Solution 6 computed for time t=6.000000
2019-06-24 12:25:46,908 pyclaw.controller INFO CLAW: 419 - Solution 7 computed for time t=7.000000
2019-06-24 12:25:46,921 pyclaw.controller INFO CLAW: 419 - Solution 8 computed for time t=8.000000
2019-06-24 12:25:46,936 pyclaw.controller INFO CLAW: 419 - Solution 9 computed for time t=9.000000
2019-06-24 12:25:46,950 pyclaw.controller INFO CLAW: 419 - Solution 10 computed for time t=10.000000
2019-06-24 12:25:46,952 pyclaw.controller INFO CLAW: 419 - Solution 0 computed for time t=0.000000
2019-06-24 12:25:46,965 pyclaw.controller INFO CLAW: 419 - Solution 1 computed for time t=1.000000
2019-06-24 12:25:46,977 pyclaw.controller INFO CLAW: 419 - Solution 2 computed for time t=2.000000
2019-06-24 12:25:46,989 pyclaw.controller INFO CLAW: 419 - Solution 3 computed for time t=3.000000
2019-06-24 12:25:47,005 pyclaw.controller INFO CLAW: 419 - Solution 4 computed for time t=4.000000
2019-06-24 12:25:47,017 pyclaw.controller INFO CLAW: 419 - Solution 5 computed for time t=5.000000
2019-06-24 12:25:47,029 pyclaw.controller INFO CLAW: 419 - Solution 6 computed for time t=6.000000
2019-06-24 12:25:47,041 pyclaw.controller INFO CLAW: 419 - Solution 7 computed for time t=7.000000
2019-06-24 12:25:47,053 pyclaw.controller INFO CLAW: 419 - Solution 8 computed for time t=8.000000
2019-06-24 12:25:47,067 pyclaw.controller INFO CLAW: 419 - Solution 9 computed for time t=9.000000
2019-06-24 12:25:47,078 pyclaw.controller INFO CLAW: 419 - Solution 10 computed for time t=10.000000
2019-06-24 12:25:47,080 pyclaw.controller INFO CLAW: 419 - Solution 0 computed for time t=0.000000
2019-06-24 12:25:47,093 pyclaw.controller INFO CLAW: 419 - Solution 1 computed for time t=1.000000
2019-06-24 12:25:47,104 pyclaw.controller INFO CLAW: 419 - Solution 2 computed for time t=2.000000
2019-06-24 12:25:47,117 pyclaw.controller INFO CLAW: 419 - Solution 3 computed for time t=3.000000
2019-06-24 12:25:47,129 pyclaw.controller INFO CLAW: 419 - Solution 4 computed for time t=4.000000
2019-06-24 12:25:47,142 pyclaw.controller INFO CLAW: 419 - Solution 5 computed for time t=5.000000
2019-06-24 12:25:47,154 pyclaw.controller INFO CLAW: 419 - Solution 6 computed for time t=6.000000
2019-06-24 12:25:47,166 pyclaw.controller INFO CLAW: 419 - Solution 7 computed for time t=7.000000
2019-06-24 12:25:47,181 pyclaw.controller INFO CLAW: 419 - Solution 8 computed for time t=8.000000
2019-06-24 12:25:47,194 pyclaw.controller INFO CLAW: 419 - Solution 9 computed for time t=9.000000
2019-06-24 12:25:47,206 pyclaw.controller INFO CLAW: 419 - Solution 10 computed for time t=10.000000
2019-06-24 12:25:47,209 pyclaw.controller INFO CLAW: 419 - Solution 0 computed for time t=0.000000
2019-06-24 12:25:47,221 pyclaw.controller INFO CLAW: 419 - Solution 1 computed for time t=1.000000
2019-06-24 12:25:47,236 pyclaw.controller INFO CLAW: 419 - Solution 2 computed for time t=2.000000
2019-06-24 12:25:47,250 pyclaw.controller INFO CLAW: 419 - Solution 3 computed for time t=3.000000
2019-06-24 12:25:47,263 pyclaw.controller INFO CLAW: 419 - Solution 4 computed for time t=4.000000
2019-06-24 12:25:47,276 pyclaw.controller INFO CLAW: 419 - Solution 5 computed for time t=5.000000
2019-06-24 12:25:47,289 pyclaw.controller INFO CLAW: 419 - Solution 6 computed for time t=6.000000
2019-06-24 12:25:47,302 pyclaw.controller INFO CLAW: 419 - Solution 7 computed for time t=7.000000
2019-06-24 12:25:47,315 pyclaw.controller INFO CLAW: 419 - Solution 8 computed for time t=8.000000
2019-06-24 12:25:47,327 pyclaw.controller INFO CLAW: 419 - Solution 9 computed for time t=9.000000
2019-06-24 12:25:47,339 pyclaw.controller INFO CLAW: 419 - Solution 10 computed for time t=10.000000
2019-06-24 12:25:47,346 pyclaw.controller INFO CLAW: 419 - Solution 0 computed for time t=0.000000
2019-06-24 12:25:47,408 pyclaw.controller INFO CLAW: 419 - Solution 1 computed for time t=1.000000
2019-06-24 12:25:47,463 pyclaw.controller INFO CLAW: 419 - Solution 2 computed for time t=2.000000
2019-06-24 12:25:47,513 pyclaw.controller INFO CLAW: 419 - Solution 3 computed for time t=3.000000
2019-06-24 12:25:47,566 pyclaw.controller INFO CLAW: 419 - Solution 4 computed for time t=4.000000
2019-06-24 12:25:47,628 pyclaw.controller INFO CLAW: 419 - Solution 5 computed for time t=5.000000
2019-06-24 12:25:47,681 pyclaw.controller INFO CLAW: 419 - Solution 6 computed for time t=6.000000
2019-06-24 12:25:47,734 pyclaw.controller INFO CLAW: 419 - Solution 7 computed for time t=7.000000
2019-06-24 12:25:47,780 pyclaw.controller INFO CLAW: 419 - Solution 8 computed for time t=8.000000
2019-06-24 12:25:47,830 pyclaw.controller INFO CLAW: 419 - Solution 9 computed for time t=9.000000
2019-06-24 12:25:47,881 pyclaw.controller INFO CLAW: 419 - Solution 10 computed for time t=10.000000
2019-06-24 12:25:47,883 pyclaw.controller INFO CLAW: 419 - Solution 0 computed for time t=0.000000
2019-06-24 12:25:47,927 pyclaw.controller INFO CLAW: 419 - Solution 1 computed for time t=1.000000
2019-06-24 12:25:47,973 pyclaw.controller INFO CLAW: 419 - Solution 2 computed for time t=2.000000
2019-06-24 12:25:48,023 pyclaw.controller INFO CLAW: 419 - Solution 3 computed for time t=3.000000
2019-06-24 12:25:48,075 pyclaw.controller INFO CLAW: 419 - Solution 4 computed for time t=4.000000
2019-06-24 12:25:48,123 pyclaw.controller INFO CLAW: 419 - Solution 5 computed for time t=5.000000
2019-06-24 12:25:48,194 pyclaw.controller INFO CLAW: 419 - Solution 6 computed for time t=6.000000
2019-06-24 12:25:48,263 pyclaw.controller INFO CLAW: 419 - Solution 7 computed for time t=7.000000
2019-06-24 12:25:48,345 pyclaw.controller INFO CLAW: 419 - Solution 8 computed for time t=8.000000
2019-06-24 12:25:48,415 pyclaw.controller INFO CLAW: 419 - Solution 9 computed for time t=9.000000
2019-06-24 12:25:48,479 pyclaw.controller INFO CLAW: 419 - Solution 10 computed for time t=10.000000
2019-06-24 12:25:48,481 pyclaw.controller INFO CLAW: 419 - Solution 0 computed for time t=0.000000
2019-06-24 12:25:48,549 pyclaw.controller INFO CLAW: 419 - Solution 1 computed for time t=1.000000
2019-06-24 12:25:48,619 pyclaw.controller INFO CLAW: 419 - Solution 2 computed for time t=2.000000
2019-06-24 12:25:48,673 pyclaw.controller INFO CLAW: 419 - Solution 3 computed for time t=3.000000
2019-06-24 12:25:48,741 pyclaw.controller INFO CLAW: 419 - Solution 4 computed for time t=4.000000
2019-06-24 12:25:48,819 pyclaw.controller INFO CLAW: 419 - Solution 5 computed for time t=5.000000
2019-06-24 12:25:48,890 pyclaw.controller INFO CLAW: 419 - Solution 6 computed for time t=6.000000
2019-06-24 12:25:48,966 pyclaw.controller INFO CLAW: 419 - Solution 7 computed for time t=7.000000
2019-06-24 12:25:49,031 pyclaw.controller INFO CLAW: 419 - Solution 8 computed for time t=8.000000
2019-06-24 12:25:49,100 pyclaw.controller INFO CLAW: 419 - Solution 9 computed for time t=9.000000
2019-06-24 12:25:49,176 pyclaw.controller INFO CLAW: 419 - Solution 10 computed for time t=10.000000
2019-06-24 12:25:52,793 matplotlib.animation INFO CLAW: 1146 - Animation.save using <class 'clawpack.visclaw.JSAnimation.html_writer.HTMLWriter'>
2019-06-24 12:26:10,495 matplotlib.animation INFO CLAW: 1146 - Animation.save using <class 'clawpack.visclaw.JSAnimation.html_writer.HTMLWriter'>
2019-06-24 12:26:32,774 matplotlib.animation INFO CLAW: 1146 - Animation.save using <class 'clawpack.visclaw.JSAnimation.html_writer.HTMLWriter'>
2019-06-24 12:27:05,248 pyclaw.controller INFO CLAW: 419 - Solution 0 computed for time t=0.000000
2019-06-24 12:27:05,278 pyclaw.controller INFO CLAW: 419 - Solution 1 computed for time t=1.000000
2019-06-24 12:27:05,307 pyclaw.controller INFO CLAW: 419 - Solution 2 computed for time t=2.000000
2019-06-24 12:27:05,335 pyclaw.controller INFO CLAW: 419 - Solution 3 computed for time t=3.000000
2019-06-24 12:27:05,360 pyclaw.controller INFO CLAW: 419 - Solution 4 computed for time t=4.000000
2019-06-24 12:27:05,386 pyclaw.controller INFO CLAW: 419 - Solution 5 computed for time t=5.000000
2019-06-24 12:27:05,410 pyclaw.controller INFO CLAW: 419 - Solution 6 computed for time t=6.000000
2019-06-24 12:27:05,432 pyclaw.controller INFO CLAW: 419 - Solution 7 computed for time t=7.000000
2019-06-24 12:27:05,453 pyclaw.controller INFO CLAW: 419 - Solution 8 computed for time t=8.000000
2019-06-24 12:27:05,475 pyclaw.controller INFO CLAW: 419 - Solution 9 computed for time t=9.000000
2019-06-24 12:27:05,501 pyclaw.controller INFO CLAW: 419 - Solution 10 computed for time t=10.000000
2019-06-24 12:27:05,503 pyclaw.controller INFO CLAW: 419 - Solution 0 computed for time t=0.000000
2019-06-24 12:27:05,525 pyclaw.controller INFO CLAW: 419 - Solution 1 computed for time t=1.000000
2019-06-24 12:27:05,548 pyclaw.controller INFO CLAW: 419 - Solution 2 computed for time t=2.000000
2019-06-24 12:27:05,571 pyclaw.controller INFO CLAW: 419 - Solution 3 computed for time t=3.000000
2019-06-24 12:27:05,598 pyclaw.controller INFO CLAW: 419 - Solution 4 computed for time t=4.000000
2019-06-24 12:27:05,622 pyclaw.controller INFO CLAW: 419 - Solution 5 computed for time t=5.000000
2019-06-24 12:27:05,644 pyclaw.controller INFO CLAW: 419 - Solution 6 computed for time t=6.000000
2019-06-24 12:27:05,667 pyclaw.controller INFO CLAW: 419 - Solution 7 computed for time t=7.000000
2019-06-24 12:27:05,690 pyclaw.controller INFO CLAW: 419 - Solution 8 computed for time t=8.000000
2019-06-24 12:27:05,714 pyclaw.controller INFO CLAW: 419 - Solution 9 computed for time t=9.000000
2019-06-24 12:27:05,737 pyclaw.controller INFO CLAW: 419 - Solution 10 computed for time t=10.000000
2019-06-24 12:27:05,738 pyclaw.controller INFO CLAW: 419 - Solution 0 computed for time t=0.000000
2019-06-24 12:27:05,764 pyclaw.controller INFO CLAW: 419 - Solution 1 computed for time t=1.000000
2019-06-24 12:27:05,788 pyclaw.controller INFO CLAW: 419 - Solution 2 computed for time t=2.000000
2019-06-24 12:27:05,812 pyclaw.controller INFO CLAW: 419 - Solution 3 computed for time t=3.000000
2019-06-24 12:27:05,838 pyclaw.controller INFO CLAW: 419 - Solution 4 computed for time t=4.000000
2019-06-24 12:27:05,865 pyclaw.controller INFO CLAW: 419 - Solution 5 computed for time t=5.000000
2019-06-24 12:27:05,888 pyclaw.controller INFO CLAW: 419 - Solution 6 computed for time t=6.000000
2019-06-24 12:27:05,911 pyclaw.controller INFO CLAW: 419 - Solution 7 computed for time t=7.000000
2019-06-24 12:27:05,934 pyclaw.controller INFO CLAW: 419 - Solution 8 computed for time t=8.000000
2019-06-24 12:27:05,958 pyclaw.controller INFO CLAW: 419 - Solution 9 computed for time t=9.000000
2019-06-24 12:27:05,981 pyclaw.controller INFO CLAW: 419 - Solution 10 computed for time t=10.000000
2019-06-24 12:27:05,983 pyclaw.controller INFO CLAW: 419 - Solution 0 computed for time t=0.000000
2019-06-24 12:27:06,009 pyclaw.controller INFO CLAW: 419 - Solution 1 computed for time t=1.000000
2019-06-24 12:27:06,035 pyclaw.controller INFO CLAW: 419 - Solution 2 computed for time t=2.000000
2019-06-24 12:27:06,057 pyclaw.controller INFO CLAW: 419 - Solution 3 computed for time t=3.000000
2019-06-24 12:27:06,080 pyclaw.controller INFO CLAW: 419 - Solution 4 computed for time t=4.000000
2019-06-24 12:27:06,103 pyclaw.controller INFO CLAW: 419 - Solution 5 computed for time t=5.000000
2019-06-24 12:27:06,129 pyclaw.controller INFO CLAW: 419 - Solution 6 computed for time t=6.000000
2019-06-24 12:27:06,152 pyclaw.controller INFO CLAW: 419 - Solution 7 computed for time t=7.000000
2019-06-24 12:27:06,178 pyclaw.controller INFO CLAW: 419 - Solution 8 computed for time t=8.000000
2019-06-24 12:27:06,205 pyclaw.controller INFO CLAW: 419 - Solution 9 computed for time t=9.000000
2019-06-24 12:27:06,233 pyclaw.controller INFO CLAW: 419 - Solution 10 computed for time t=10.000000
2019-06-24 12:27:06,236 pyclaw.controller INFO CLAW: 419 - Solution 0 computed for time t=0.000000
2019-06-24 12:27:06,261 pyclaw.controller INFO CLAW: 419 - Solution 1 computed for time t=1.000000
2019-06-24 12:27:06,290 pyclaw.controller INFO CLAW: 419 - Solution 2 computed for time t=2.000000
2019-06-24 12:27:06,320 pyclaw.controller INFO CLAW: 419 - Solution 3 computed for time t=3.000000
2019-06-24 12:27:06,348 pyclaw.controller INFO CLAW: 419 - Solution 4 computed for time t=4.000000
2019-06-24 12:27:06,375 pyclaw.controller INFO CLAW: 419 - Solution 5 computed for time t=5.000000
2019-06-24 12:27:06,405 pyclaw.controller INFO CLAW: 419 - Solution 6 computed for time t=6.000000
2019-06-24 12:27:06,443 pyclaw.controller INFO CLAW: 419 - Solution 7 computed for time t=7.000000
2019-06-24 12:27:06,487 pyclaw.controller INFO CLAW: 419 - Solution 8 computed for time t=8.000000
2019-06-24 12:27:06,523 pyclaw.controller INFO CLAW: 419 - Solution 9 computed for time t=9.000000
2019-06-24 12:27:06,558 pyclaw.controller INFO CLAW: 419 - Solution 10 computed for time t=10.000000
2019-06-24 12:27:06,562 pyclaw.controller INFO CLAW: 419 - Solution 0 computed for time t=0.000000
2019-06-24 12:27:06,597 pyclaw.controller INFO CLAW: 419 - Solution 1 computed for time t=1.000000
2019-06-24 12:27:06,631 pyclaw.controller INFO CLAW: 419 - Solution 2 computed for time t=2.000000
2019-06-24 12:27:06,662 pyclaw.controller INFO CLAW: 419 - Solution 3 computed for time t=3.000000
2019-06-24 12:27:06,693 pyclaw.controller INFO CLAW: 419 - Solution 4 computed for time t=4.000000
2019-06-24 12:27:06,723 pyclaw.controller INFO CLAW: 419 - Solution 5 computed for time t=5.000000
2019-06-24 12:27:06,755 pyclaw.controller INFO CLAW: 419 - Solution 6 computed for time t=6.000000
2019-06-24 12:27:06,786 pyclaw.controller INFO CLAW: 419 - Solution 7 computed for time t=7.000000
2019-06-24 12:27:06,825 pyclaw.controller INFO CLAW: 419 - Solution 8 computed for time t=8.000000
2019-06-24 12:27:06,860 pyclaw.controller INFO CLAW: 419 - Solution 9 computed for time t=9.000000
2019-06-24 12:27:06,895 pyclaw.controller INFO CLAW: 419 - Solution 10 computed for time t=10.000000
2019-06-24 12:27:06,897 pyclaw.controller INFO CLAW: 419 - Solution 0 computed for time t=0.000000
2019-06-24 12:27:07,094 pyclaw.controller INFO CLAW: 419 - Solution 1 computed for time t=1.000000
2019-06-24 12:27:07,251 pyclaw.controller INFO CLAW: 419 - Solution 2 computed for time t=2.000000
2019-06-24 12:27:07,426 pyclaw.controller INFO CLAW: 419 - Solution 3 computed for time t=3.000000
2019-06-24 12:27:07,663 pyclaw.controller INFO CLAW: 419 - Solution 4 computed for time t=4.000000
2019-06-24 12:27:07,822 pyclaw.controller INFO CLAW: 419 - Solution 5 computed for time t=5.000000
2019-06-24 12:27:07,971 pyclaw.controller INFO CLAW: 419 - Solution 6 computed for time t=6.000000
2019-06-24 12:27:08,132 pyclaw.controller INFO CLAW: 419 - Solution 7 computed for time t=7.000000
2019-06-24 12:27:08,282 pyclaw.controller INFO CLAW: 419 - Solution 8 computed for time t=8.000000
2019-06-24 12:27:08,437 pyclaw.controller INFO CLAW: 419 - Solution 9 computed for time t=9.000000
2019-06-24 12:27:08,595 pyclaw.controller INFO CLAW: 419 - Solution 10 computed for time t=10.000000
2019-06-24 12:27:08,596 pyclaw.controller INFO CLAW: 419 - Solution 0 computed for time t=0.000000
2019-06-24 12:27:08,762 pyclaw.controller INFO CLAW: 419 - Solution 1 computed for time t=1.000000
2019-06-24 12:27:08,938 pyclaw.controller INFO CLAW: 419 - Solution 2 computed for time t=2.000000
2019-06-24 12:27:09,110 pyclaw.controller INFO CLAW: 419 - Solution 3 computed for time t=3.000000
2019-06-24 12:27:09,281 pyclaw.controller INFO CLAW: 419 - Solution 4 computed for time t=4.000000
2019-06-24 12:27:09,451 pyclaw.controller INFO CLAW: 419 - Solution 5 computed for time t=5.000000
2019-06-24 12:27:09,611 pyclaw.controller INFO CLAW: 419 - Solution 6 computed for time t=6.000000
2019-06-24 12:27:09,779 pyclaw.controller INFO CLAW: 419 - Solution 7 computed for time t=7.000000
2019-06-24 12:27:09,938 pyclaw.controller INFO CLAW: 419 - Solution 8 computed for time t=8.000000
2019-06-24 12:27:10,117 pyclaw.controller INFO CLAW: 419 - Solution 9 computed for time t=9.000000
2019-06-24 12:27:10,282 pyclaw.controller INFO CLAW: 419 - Solution 10 computed for time t=10.000000
2019-06-24 12:27:10,284 pyclaw.controller INFO CLAW: 419 - Solution 0 computed for time t=0.000000
2019-06-24 12:27:10,492 pyclaw.controller INFO CLAW: 419 - Solution 1 computed for time t=1.000000
2019-06-24 12:27:10,752 pyclaw.controller INFO CLAW: 419 - Solution 2 computed for time t=2.000000
2019-06-24 12:27:11,054 pyclaw.controller INFO CLAW: 419 - Solution 3 computed for time t=3.000000
2019-06-24 12:27:11,337 pyclaw.controller INFO CLAW: 419 - Solution 4 computed for time t=4.000000
2019-06-24 12:27:11,578 pyclaw.controller INFO CLAW: 419 - Solution 5 computed for time t=5.000000
2019-06-24 12:27:11,766 pyclaw.controller INFO CLAW: 419 - Solution 6 computed for time t=6.000000
2019-06-24 12:27:11,959 pyclaw.controller INFO CLAW: 419 - Solution 7 computed for time t=7.000000
2019-06-24 12:27:12,176 pyclaw.controller INFO CLAW: 419 - Solution 8 computed for time t=8.000000
2019-06-24 12:27:12,363 pyclaw.controller INFO CLAW: 419 - Solution 9 computed for time t=9.000000
2019-06-24 12:27:12,550 pyclaw.controller INFO CLAW: 419 - Solution 10 computed for time t=10.000000
2019-06-24 12:27:15,800 matplotlib.animation INFO CLAW: 1146 - Animation.save using <class 'clawpack.visclaw.JSAnimation.html_writer.HTMLWriter'>
2019-06-24 12:27:42,315 root ERROR CLAW: 221 - Invalid alias: The name clear can't be aliased because it is another magic command.
2019-06-24 12:27:42,316 root ERROR CLAW: 221 - Invalid alias: The name more can't be aliased because it is another magic command.
2019-06-24 12:27:42,317 root ERROR CLAW: 221 - Invalid alias: The name less can't be aliased because it is another magic command.
2019-06-24 12:27:42,318 root ERROR CLAW: 221 - Invalid alias: The name man can't be aliased because it is another magic command.
